2025-11-24 13:50:51,969 DEBUG    root            Loaded Command Group: ['gcloud', 'config']
2025-11-24 13:50:51,972 DEBUG    root            Loaded Command Group: ['gcloud', 'config', 'config_helper']
2025-11-24 13:50:51,975 DEBUG    root            Running [gcloud.config.config-helper] with arguments: [--format: "json", --min-expiry: "1800"]
2025-11-24 13:50:52,000 DEBUG    root            Chosen display Format:default json
2025-11-24 13:50:52,001 INFO     root            Display format: "default json"
2025-11-24 13:50:52,021 INFO     ___FILE_ONLY___ {
  "configuration": {
    "active_configuration": "default",
    "properties": {
      "compute": {
        "region": "us-central1"
      },
      "core": {
        "account": "797032279537-compute@developer.gserviceaccount.com",
        "disable_usage_reporting": "True",
        "project": "meera-demos"
      },
      "dataproc": {
        "region": "us-central1"
      }
    }
  },
  "credential": {
    "access_token": "ya29.c.c0AYnqXliVdRd1XPDSpOxyfFbaBlwfbH2rRVW6Mb9jCY13uesiyXaWR3S0GKp_UhkeIpXgPj1bD6UljHM4ypwzmdY8ETzHVKvznGKPdwqEjZp0JcpneBZ18sUt3EiW-LQkxNkNTtVt-yZjRXgznnta1te2iQ8nIdG2ruv5C58Ms4S1EXEs0OL-ufDLOA8IcO1IZiRJfVtZGRAV5YITJgo11QPvO6dYGhlfqd6hlCOrbe_1R1DsFqJGOtFDJ16ctYLofQL9vUApkE3B1ElcLtuKIhwuwoYTtWp_IcsG_GbO5Py62XHfxBCB-lf2XZ8wkSyjcX4qviXX13Vm1msdD2g30Tw0TSlhr7ZpFheIL8ENV9kTALdtRyMjZHupklW2ZIxVVXKnvtnSOTM0-6ZjtlhPN413Dcax8k4q-nFOzYYd14v9Fzajk8n_nvI5thWt4UJ-Oc5Bi1QmwX2n51kxnagph3r-22xatUjIyZpczpnna8QJqBp783JBSJQg5WQtjO1i1IVonl8ZgvjfspRxn_m_S5Vf52X5SvWnhqjzFiFXq20zlFl-bwO4R9IUM4fdBg-i3OFgjMiYWtfWk8YWl6j17hZaZo4B8RS3Xa26W1Vhgs3pMQpq4UIf4Qm4J7U_t-y61mqtYnkjMfJ6MwgWqhkXfs7qi5irehZe5n8bWSOnXuXMXWgMFOobuy1Xo7_7vp8OufpeVYpmrt9g30X42WanjrgFJ8Zef8VSt1xwyS_BamfzzpWRgXgobryf33k7842mmBs3XSem3gF3cJzkccMRpWtyUwUyyJnvhXy5YIXMznV3a6SrwFaWVBsq5OBl_tlUdQiUcjV6a-UiczncSJllfOU6vkoFJJugquJZdfU9S3RhfZdqffF0MMls6iwqXQJ2BYcQhgsgvR2xrZvsvg4U4yZzg4cmgwiWu4x6bYgy5k3u5Uva7fZ9FUBtdcn6XQMJQfdJIutFW9Mf7sR3QRk_2uiUkmIJ2hOt0ktSgzzh3FQY4SSuM5gF16y",
    "id_token": "eyJhbGciOiJSUzI1NiIsImtpZCI6ImE1NzMzYmJiZDgxOGFhNWRiMTk1MTk5Y2Q1NjhlNWQ2ODUxMzJkM2YiLCJ0eXAiOiJKV1QifQ.eyJhdWQiOiIzMjU1NTk0MDU1OS5hcHBzLmdvb2dsZXVzZXJjb250ZW50LmNvbSIsImF6cCI6IjEwMDY1NzU4MzA0MTcxMjgzNDk0OSIsImV4cCI6MTc2Mzk5NTgzMSwiaWF0IjoxNzYzOTkyMjMxLCJpc3MiOiJodHRwczovL2FjY291bnRzLmdvb2dsZS5jb20iLCJzdWIiOiIxMDA2NTc1ODMwNDE3MTI4MzQ5NDkifQ.QPM8oyPX2cBNPNxnhW28IMiQ8UUhpBVGP9Aa8ROABhc7GRok90Nb0ISwJYmR6lc75-XNQBFDh2FU2dv0e3zwn2pShUJyQCmCA9x4zqs5pkaalLJLwuSu6N2dtiUOsfKsaHf4nQhlTdnTxcwsfBJbBLskJh_SUYlKYjo_WgUeU4og8G9Se0FrGZ3tSfHZoyJFK4bUbW4_PrNPubjXUIkjpZ908hl8_I8FdtW58AGCdkQ1K_JbDYOm4BcT7KxyIMcYyZimTclDp8fkqQ6tQmUGQrUmpoV1WRGSZR05b0C4BMgSUA4kohX7J8FtOkQ3BHkSlLoOXCuSkEbdYMJ3SpyfqQ",
    "token_expiry": "2025-11-24T14:50:14Z"
  },
  "sentinels": {
    "config_sentinel": "/home/jupyter/.config/gcloud/config_sentinel"
  }
}
2025-11-24 13:50:52,021 INFO     ___FILE_ONLY___ 

2025-11-24 13:50:52,022 DEBUG    root            SDK update checks are disabled.
