2025-11-23 06:16:08,474 DEBUG    root            Loaded Command Group: ['gcloud', 'services']
2025-11-23 06:16:08,488 DEBUG    root            Loaded Command Group: ['gcloud', 'services', 'list']
2025-11-23 06:16:08,491 DEBUG    root            Running [gcloud.services.list] with arguments: [--enabled: "True", --project: "meera-demos"]
2025-11-23 06:16:08,530 DEBUG    root            Chosen display Format:
          table(
            config.name:label=NAME:sort=1,
            config.title
          )
        
2025-11-23 06:16:08,531 INFO     root            Display format: "
          table(
            config.name:label=NAME:sort=1,
            config.title
          )
        "
2025-11-23 06:16:08,536 DEBUG    urllib3.connectionpool Starting new HTTPS connection (1): serviceusage.googleapis.com:443
2025-11-23 06:16:08,609 DEBUG    urllib3.connectionpool https://serviceusage.googleapis.com:443 "GET /v1/projects/meera-demos/services?alt=json&filter=state%3AENABLED&pageSize=200 HTTP/11" 403 None
2025-11-23 06:16:08,614 DEBUG    root            Chosen display Format:default
2025-11-23 06:16:08,634 DEBUG    root            Chosen display Format:default
2025-11-23 06:16:08,636 DEBUG    root            Chosen display Format:default
2025-11-23 06:16:08,638 DEBUG    root            (gcloud.services.list) [797032279537-compute@developer.gserviceaccount.com] does not have permission to access projects instance [meera-demos] (or it may not exist): Permission denied to list services for consumer container [projects/797032279537]
Help Token: AXcLsyCUlkDecjh4R-kzT-W2mUVr5-EK8Om8C1f05XX_3_Vc7xuShatYvAdKeuAN9g9Qoub3IqIdTFOUZFTYxfexJnmcrLeEbr6QhuNNjdO7BR03. This command is authenticated as 797032279537-compute@developer.gserviceaccount.com which is the active account specified by the [core/account] property
- '@type': type.googleapis.com/google.rpc.PreconditionFailure
  violations:
  - subject: '110002'
    type: googleapis.com
- '@type': type.googleapis.com/google.rpc.ErrorInfo
  domain: serviceusage.googleapis.com
  reason: AUTH_PERMISSION_DENIED
Traceback (most recent call last):
  File "/usr/bin/../lib/google-cloud-sdk/lib/googlecloudsdk/calliope/cli.py", line 981, in Execute
    resources = calliope_command.Run(cli=self, args=args)
                ^^^^^^^^^^^^^^^^^^^^^^^^^^^^^^^^^^^^^^^^^
  File "/usr/bin/../lib/google-cloud-sdk/lib/googlecloudsdk/calliope/backend.py", line 937, in Run
    ).Display()
      ^^^^^^^^^
  File "/usr/bin/../lib/google-cloud-sdk/lib/googlecloudsdk/calliope/display.py", line 507, in Display
    self._printer.Print(self._resources)
  File "/usr/bin/../lib/google-cloud-sdk/lib/googlecloudsdk/core/resource/resource_printer_base.py", line 301, in Print
    for resource in resources:
                    ^^^^^^^^^
  File "/usr/bin/../lib/google-cloud-sdk/lib/googlecloudsdk/core/util/peek_iterable.py", line 211, in __next__
    item = self._NextItem()
           ^^^^^^^^^^^^^^^^
  File "/usr/bin/../lib/google-cloud-sdk/lib/googlecloudsdk/core/util/peek_iterable.py", line 183, in _NextItem
    return next(self._iterable)
           ^^^^^^^^^^^^^^^^^^^^
  File "/usr/bin/../lib/google-cloud-sdk/lib/third_party/apitools/base/py/list_pager.py", line 120, in YieldFromList
    response = getattr(service, method)(request,
               ^^^^^^^^^^^^^^^^^^^^^^^^^^^^^^^^^
  File "/usr/bin/../lib/google-cloud-sdk/lib/googlecloudsdk/api_lib/util/http_retry.py", line 41, in wrapper
    return retryer.RetryOnException(func, args, kwargs,
           ^^^^^^^^^^^^^^^^^^^^^^^^^^^^^^^^^^^^^^^^^^^^
  File "/usr/bin/../lib/google-cloud-sdk/lib/googlecloudsdk/core/util/retry.py", line 201, in RetryOnException
    exceptions.reraise(exc_info[1], tb=exc_info[2])
  File "/usr/bin/../lib/google-cloud-sdk/lib/googlecloudsdk/core/exceptions.py", line 149, in reraise
    six.reraise(type(exc_value), exc_value, tb)
  File "/usr/bin/../lib/google-cloud-sdk/lib/third_party/six/__init__.py", line 719, in reraise
    raise value
  File "/usr/bin/../lib/google-cloud-sdk/lib/googlecloudsdk/core/util/retry.py", line 182, in TryFunc
    return func(*args, **kwargs), None
           ^^^^^^^^^^^^^^^^^^^^^
  File "/usr/bin/../lib/google-cloud-sdk/lib/googlecloudsdk/api_lib/services/serviceusage.py", line 861, in List
    return self.service_usage.List(request, global_params=global_params)
           ^^^^^^^^^^^^^^^^^^^^^^^^^^^^^^^^^^^^^^^^^^^^^^^^^^^^^^^^^^^^^
  File "/usr/bin/../lib/google-cloud-sdk/lib/googlecloudsdk/generated_clients/apis/serviceusage/v1/serviceusage_v1_client.py", line 317, in List
    return self._RunMethod(
           ^^^^^^^^^^^^^^^^
  File "/usr/bin/../lib/google-cloud-sdk/lib/third_party/apitools/base/py/base_api.py", line 747, in _RunMethod
    return self.ProcessHttpResponse(method_config, http_response, request)
           ^^^^^^^^^^^^^^^^^^^^^^^^^^^^^^^^^^^^^^^^^^^^^^^^^^^^^^^^^^^^^^^
  File "/usr/bin/../lib/google-cloud-sdk/lib/third_party/apitools/base/py/base_api.py", line 753, in ProcessHttpResponse
    self.__ProcessHttpResponse(method_config, http_response, request))
    ^^^^^^^^^^^^^^^^^^^^^^^^^^^^^^^^^^^^^^^^^^^^^^^^^^^^^^^^^^^^^^^^^
  File "/usr/bin/../lib/google-cloud-sdk/lib/third_party/apitools/base/py/base_api.py", line 612, in __ProcessHttpResponse
    raise exceptions.HttpError.FromResponse(
apitools.base.py.exceptions.HttpForbiddenError: HttpError accessing <https://serviceusage.googleapis.com/v1/projects/meera-demos/services?alt=json&filter=state%3AENABLED&pageSize=200>: response: <{'vary': 'Origin, X-Origin, Referer', 'content-type': 'application/json; charset=UTF-8', 'content-encoding': 'gzip', 'date': 'Sun, 23 Nov 2025 06:16:08 GMT', 'server': 'ESF', 'x-xss-protection': '0', 'x-frame-options': 'SAMEORIGIN', 'x-content-type-options': 'nosniff', 'transfer-encoding': 'chunked', 'status': 403}>, content <{
  "error": {
    "code": 403,
    "message": "Permission denied to list services for consumer container [projects/797032279537]\nHelp Token: AXcLsyCUlkDecjh4R-kzT-W2mUVr5-EK8Om8C1f05XX_3_Vc7xuShatYvAdKeuAN9g9Qoub3IqIdTFOUZFTYxfexJnmcrLeEbr6QhuNNjdO7BR03",
    "status": "PERMISSION_DENIED",
    "details": [
      {
        "@type": "type.googleapis.com/google.rpc.PreconditionFailure",
        "violations": [
          {
            "type": "googleapis.com",
            "subject": "110002"
          }
        ]
      },
      {
        "@type": "type.googleapis.com/google.rpc.ErrorInfo",
        "reason": "AUTH_PERMISSION_DENIED",
        "domain": "serviceusage.googleapis.com"
      }
    ]
  }
}
>
2025-11-23 06:16:08,660 ERROR    root            (gcloud.services.list) [797032279537-compute@developer.gserviceaccount.com] does not have permission to access projects instance [meera-demos] (or it may not exist): Permission denied to list services for consumer container [projects/797032279537]
Help Token: AXcLsyCUlkDecjh4R-kzT-W2mUVr5-EK8Om8C1f05XX_3_Vc7xuShatYvAdKeuAN9g9Qoub3IqIdTFOUZFTYxfexJnmcrLeEbr6QhuNNjdO7BR03. This command is authenticated as 797032279537-compute@developer.gserviceaccount.com which is the active account specified by the [core/account] property
- '@type': type.googleapis.com/google.rpc.PreconditionFailure
  violations:
  - subject: '110002'
    type: googleapis.com
- '@type': type.googleapis.com/google.rpc.ErrorInfo
  domain: serviceusage.googleapis.com
  reason: AUTH_PERMISSION_DENIED
