2025-11-23 15:37:46,682 DEBUG    root            Loaded Command Group: ['gcloud', 'config']
2025-11-23 15:37:46,685 DEBUG    root            Loaded Command Group: ['gcloud', 'config', 'config_helper']
2025-11-23 15:37:46,687 DEBUG    root            Running [gcloud.config.config-helper] with arguments: [--format: "json", --min-expiry: "1800"]
2025-11-23 15:37:46,708 DEBUG    root            Chosen display Format:default json
2025-11-23 15:37:46,708 INFO     root            Display format: "default json"
2025-11-23 15:37:46,727 INFO     ___FILE_ONLY___ {
  "configuration": {
    "active_configuration": "default",
    "properties": {
      "compute": {
        "region": "us-central1"
      },
      "core": {
        "account": "797032279537-compute@developer.gserviceaccount.com",
        "disable_usage_reporting": "True",
        "project": "meera-demos"
      },
      "dataproc": {
        "region": "us-central1"
      }
    }
  },
  "credential": {
    "access_token": "ya29.c.c0AYnqXlg3XCg8qZhevvszmej0pwr7DNzgdoQHZAHyfs215PXLs-VJhvb5EhJ3zPAzwXZOZG3pYNQgJ51cqVR4mqEwf55za2SwwCSNX4HI-0NjDhBFSQHWa8aLBwYrd52CYZXTnPGXOyrj7zTvgCUM88SgyWVLhybCI7gni6UFRaqGnPOodp1kG4IZjL4xLHJY7iA9hkVi-aPm_MqvmN33KlGC2_1v4uRvO9t7s0bL9nAE3F45tT6avahsGhMhCF80h8t8SMdnOmwxPWfR6tA91iKoLwF3o5K8-NBU1Zgc2Ly93eALbLaBWML-ZoU0XDrYiL8R6s3RXXpHcsLq-Xv4VH-EkndMOE2gu6wX_sMoAG95b2BAsBDbJxMyg4kf37SwSxlfFQTtbWSXVRQMA3RPyQE415AcwgVr5cMVyJlvk1FcWpByvrk0_M-1W3yxikZruw-JRnMhsbyU9yviorVoMcJ1OXBtYrgWgmhScIpejjrvYnQwe8nJsMoi_ScM0bo6JcRk6OvkFsbf-_z3t_d9kbh9yd4u9Wjld_2fBnzFUQOwX4ZJgt0-FOu0FyQ9u2gq8Frrzl96uXzcgfJfh-ua24UObSzqrXae-ajecJRz4czdvaQFyzwBekW0BRVBqhiqShsUYYSZVSI3c-s7vjvt0Q0p4QY56XkvZV8rU_c7kItisZ4q3I6241fks9FyhuforfUjI7dde4a0ihXQb_Xkq5S_d_cwxedkS5Ug3_IMzuVIc8oUSz6qF2UnQ3Mj8suzWW4xOB1XjYRWVxJ4izImaVonccob58kbaYYB6b7y76xpkFMlmMw8e010q5u_5p2bZVgQR3UVp7fFgV9Wm8t8z3sOurYIzxwy9QemZgtanh-7FxtSUy0Uwd6yaMZfk5Big77Sx_3y9JwiV9qBS1Qwx4yQu0Jru9w3xYjiWdc7v4y2w4S-stkil5wvzRWxd102XmzeuQFknqJ5vmaqghYWhJfsSZ2J-5s8r4_JbIM2nhkzpyBshr1BVW0",
    "id_token": "eyJhbGciOiJSUzI1NiIsImtpZCI6ImE1NzMzYmJiZDgxOGFhNWRiMTk1MTk5Y2Q1NjhlNWQ2ODUxMzJkM2YiLCJ0eXAiOiJKV1QifQ.eyJhdWQiOiIzMjU1NTk0MDU1OS5hcHBzLmdvb2dsZXVzZXJjb250ZW50LmNvbSIsImF6cCI6IjEwMDY1NzU4MzA0MTcxMjgzNDk0OSIsImV4cCI6MTc2MzkxNTI3NCwiaWF0IjoxNzYzOTExNjc0LCJpc3MiOiJodHRwczovL2FjY291bnRzLmdvb2dsZS5jb20iLCJzdWIiOiIxMDA2NTc1ODMwNDE3MTI4MzQ5NDkifQ.VSq0pg6vBNbcxcbn-NGWwsXtmObZIcACniTyAPhbxw0Y65V6rhSNrRREC5xDnflggGKHHIc-DPSw4DPGcFhbuTgNmfHcOj_WtZz3KO-smAlTyIbbgUEZk83BcEpaXUeshBiSOUXKjM8zMpV-3MrtRjH0fXYtD45oaM6wza1rUKp0SuolJSW0RNpASt1mdicKaKxn_UwarVsrzEAMnumh35Qzu_qm1lTgz_to47mZWnTImsk6saEA5QpuuHjwfguNZNf4NzyWb8OuUf9M4Ps1zL8FcbPHg-oJC692qSVFVJToJ0tYhuLtRmCx2rNWi8CiDIZBekW03W79RtcYPjErxg",
    "token_expiry": "2025-11-23T16:27:38Z"
  },
  "sentinels": {
    "config_sentinel": "/home/jupyter/.config/gcloud/config_sentinel"
  }
}
2025-11-23 15:37:46,728 INFO     ___FILE_ONLY___ 

2025-11-23 15:37:46,728 DEBUG    root            SDK update checks are disabled.
