2025-11-25 06:08:27,213 DEBUG    root            Loaded Command Group: ['gcloud', 'config']
2025-11-25 06:08:27,215 DEBUG    root            Loaded Command Group: ['gcloud', 'config', 'config_helper']
2025-11-25 06:08:27,218 DEBUG    root            Running [gcloud.config.config-helper] with arguments: [--format: "json", --min-expiry: "1800"]
2025-11-25 06:08:27,246 DEBUG    root            Chosen display Format:default json
2025-11-25 06:08:27,247 INFO     root            Display format: "default json"
2025-11-25 06:08:27,269 INFO     ___FILE_ONLY___ {
  "configuration": {
    "active_configuration": "default",
    "properties": {
      "compute": {
        "region": "us-central1"
      },
      "core": {
        "account": "797032279537-compute@developer.gserviceaccount.com",
        "disable_usage_reporting": "True",
        "project": "meera-demos"
      },
      "dataproc": {
        "region": "us-central1"
      }
    }
  },
  "credential": {
    "access_token": "ya29.c.c0AYnqXli8YPTgNJsGr02leoLx3NdlGYV6EBKXlNlFyKrher-wFC7AsKoFIJm1IMnWxtGLpoc4XCUObbfokvqv0KHJf_QeDCE-2NX3sCAI_-WT8yumym2T0tO01scTiKpXUkRIPK08N5SYm2C25MnwWXrsMoyu0yi4PidUlDDinImRSvV7WC9_kwjIaNkcl_7zc8qLlyZAihi4dKCpVlPYDSFRAQCyAs34NKfbepxVhssEdWpDzsrN29L-kE3iFGHbuJdjhMhZ_HNCblLuuzlV2llglYCHUNdVS3bLxP_diT348432kx3KjjRr6FDzXRhvP11Xb8D3-EbaXQ_Em9o3WjFHdfA8mapq1kZdOdVXB4MdgV5l63uAiLw54eFncWt6LG0WjlROU8EyAWjgb6UPL413CZujJwwc9iqUOUFRtO2ocVe43WXJI_IqFJ0XiVlY5gad_OewhgFWyp_nngUJ4pk8wae9avJJ3h_y6Okfi1zzXlum9VqjbqYXJhMMBpqsxuqY4yURViyRp_Oqkh6XS1Jx3uXf6oSpz0224BxQUkte_-n20i6JQQcvaOOyoxeBBUl9M8JQXF_ySRZbcIgi7dVt5QYmQrXm-ckMBiMRZy3mV6tnxvsbQxzrxstggwSIh2c3IiZpSf7vwtF3a12sk_WvOxxvRvZXo_7pv6Qd6YSbpVjbu111Y-nYdqhqWZx-QcZgVk9qneMw4zlSs3-O6Vcd73YjQkbWkXZ0b2f0Uz9f1BeZ0rmQgdQc36120rReiRacYiRr8O8J6_na796mx2UItVaVf71IV2w371unvasewfkYBU4ivy9YtYlSn5g9iiweVBs6tdn8lVxMlkViOt0q29ZUcFmkwlbfjl4mwa6Zbu_-e5sdw4ZvbObzbB4ZV8q0mIr3lpcVjI8BnnZ1UMeh4Uv6wWp1bQ38V3Y3J_xcb5Fseus0vj-V2cZQat_JijXidBJens8Fsc6Vq20ebfxZ26Xn7z7RahcpJh96VhXUIs-xn70B6nw",
    "id_token": "eyJhbGciOiJSUzI1NiIsImtpZCI6ImE1NzMzYmJiZDgxOGFhNWRiMTk1MTk5Y2Q1NjhlNWQ2ODUxMzJkM2YiLCJ0eXAiOiJKV1QifQ.eyJhdWQiOiIzMjU1NTk0MDU1OS5hcHBzLmdvb2dsZXVzZXJjb250ZW50LmNvbSIsImF6cCI6IjEwMDY1NzU4MzA0MTcxMjgzNDk0OSIsImV4cCI6MTc2NDA1NDQ4OSwiaWF0IjoxNzY0MDUwODg5LCJpc3MiOiJodHRwczovL2FjY291bnRzLmdvb2dsZS5jb20iLCJzdWIiOiIxMDA2NTc1ODMwNDE3MTI4MzQ5NDkifQ.vBN8j6KfVz6d6HywBV36LIyf2eU2-PDstkrrn2XyjzgPxGbww3D4CJbxBakLeJ0h8efJCX5CtPyuHeya4Tu4I-wrjS98ZMIkTnAXAtnp49OT6226_kyE24-jwx_vubITKLYSyxs0X6FTCoJ0IFfNLLWbKlzYek0Md52OObK3XpMiGjN2ai58WBwsJQL22IUUux9xX8LvZndcv_YsfqTInMFggyPuOyPZdoQwCLSaMD4YMVCzW6bO6-QmoieDWlMIOYPuYgONTESXkP5mLgAllKHYhOo1SczRd3ZgK3lt4HB0V9sjqPBtCIsOE0cMZmkfr8gdjUwEVK9-LCbq0YEsGA",
    "token_expiry": "2025-11-25T07:08:08Z"
  },
  "sentinels": {
    "config_sentinel": "/home/jupyter/.config/gcloud/config_sentinel"
  }
}
2025-11-25 06:08:27,269 INFO     ___FILE_ONLY___ 

2025-11-25 06:08:27,270 DEBUG    root            SDK update checks are disabled.
